<?xml version="1.0" encoding="UTF-8"?>
<!-- Generated by org.testng.reporters.JUnitReportReporter -->
<testsuite hostname="DESKTOP-32CF19A" failures="0" tests="7" name="myTest" time="520.008" errors="0" timestamp="2023-03-20T22:37:54 GST" skipped="0">
  <testcase classname="myTest" name="signUp" time="10.228"/>
  <system-out/>
  <testcase classname="myTest" name="RandomItemSearch" time="1.506"/>
  <system-out/>
  <testcase classname="myTest" name="HotSellersItems" time="139.258"/>
  <system-out/>
  <testcase classname="myTest" name="CheckoutTest" time="50.156"/>
  <system-out/>
  <testcase classname="myTest" name="PLACEORDER" time="33.773"/>
  <system-out/>
  <testcase classname="myTest" name="ReOrder" time="258.377"/>
  <system-out/>
  <testcase classname="myTest" name="CheckTheOrdersPrices" time="26.710"/>
  <system-out/>
</testsuite> <!-- myTest -->
